TN:
SF:src/Ejercicio-app/cartas_magic.ts
FN:60,ImprimirCarta
FN:94,CrearCarta
FNF:2
FNH:2
FNDA:8,ImprimirCarta
FNDA:5,CrearCarta
DA:1,1
DA:2,1
DA:3,1
DA:4,1
DA:5,1
DA:6,1
DA:7,1
DA:8,1
DA:9,1
DA:10,1
DA:11,1
DA:12,1
DA:13,1
DA:14,1
DA:15,1
DA:16,1
DA:17,1
DA:18,1
DA:19,1
DA:20,1
DA:21,1
DA:22,1
DA:23,1
DA:24,1
DA:25,1
DA:26,1
DA:27,1
DA:28,1
DA:29,1
DA:30,1
DA:31,1
DA:32,1
DA:33,1
DA:34,1
DA:35,1
DA:36,1
DA:37,1
DA:38,1
DA:39,1
DA:40,1
DA:41,1
DA:42,1
DA:43,1
DA:44,1
DA:45,1
DA:46,1
DA:47,1
DA:48,1
DA:49,1
DA:50,1
DA:51,1
DA:52,1
DA:53,1
DA:54,1
DA:55,1
DA:56,1
DA:57,1
DA:58,1
DA:59,1
DA:60,1
DA:61,8
DA:62,8
DA:63,8
DA:64,8
DA:65,8
DA:66,8
DA:67,8
DA:68,8
DA:69,8
DA:70,8
DA:71,8
DA:72,8
DA:73,8
DA:74,8
DA:75,8
DA:76,8
DA:77,1
DA:78,1
DA:79,1
DA:80,1
DA:81,1
DA:82,1
DA:83,1
DA:84,1
DA:85,1
DA:86,1
DA:87,1
DA:88,1
DA:89,1
DA:90,1
DA:91,1
DA:92,1
DA:93,1
DA:94,1
DA:95,5
DA:96,5
DA:97,5
DA:98,5
DA:99,5
DA:100,5
DA:101,5
DA:102,5
DA:103,5
DA:104,5
DA:105,5
DA:106,5
DA:107,5
DA:108,5
DA:109,5
DA:110,5
DA:111,5
DA:112,5
DA:113,5
DA:114,5
DA:115,2
DA:116,2
DA:117,2
DA:118,2
DA:119,3
DA:120,3
DA:121,5
DA:122,1
DA:123,1
DA:124,1
DA:125,1
DA:126,2
DA:127,2
DA:128,2
DA:129,2
DA:130,2
DA:131,2
DA:132,2
DA:133,2
DA:134,2
DA:135,2
DA:136,2
DA:137,2
DA:138,2
DA:139,5
DA:140,1
DA:141,1
DA:142,1
DA:143,2
DA:144,5
DA:145,1
DA:146,1
DA:147,2
DA:148,2
DA:149,2
LF:149
LH:149
BRDA:4,0,0,1
BRDA:17,1,0,1
BRDA:30,2,0,1
BRDA:60,3,0,8
BRDA:70,4,0,1
BRDA:70,5,0,7
BRDA:71,6,0,1
BRDA:71,7,0,7
BRDA:72,8,0,0
BRDA:94,9,0,5
BRDA:114,10,0,3
BRDA:114,11,0,2
BRDA:114,12,0,2
BRDA:119,13,0,3
BRDA:121,14,0,2
BRDA:121,15,0,1
BRDA:126,16,0,2
BRDA:139,17,0,1
BRDA:143,18,0,2
BRDA:144,19,0,1
BRDA:147,20,0,2
BRF:21
BRH:20
end_of_record
TN:
SF:src/Ejercicio-app/gestor_cartas.ts
FN:13,GuardarCarta
FN:33,CargarCartas
FN:57,ModificarCarta
FN:84,EliminarCarta
FN:124,ListaCartas
FN:188,MostrarCarta
FNF:6
FNH:6
FNDA:38,GuardarCarta
FNDA:49,CargarCartas
FNDA:2,ModificarCarta
FNDA:25,EliminarCarta
FNDA:2,ListaCartas
FNDA:1,MostrarCarta
DA:1,1
DA:2,1
DA:3,1
DA:4,1
DA:5,1
DA:6,1
DA:7,1
DA:8,1
DA:9,1
DA:10,1
DA:11,1
DA:12,1
DA:13,1
DA:14,38
DA:15,38
DA:16,38
DA:17,38
DA:18,38
DA:19,38
DA:20,38
DA:21,11
DA:22,11
DA:23,38
DA:24,38
DA:25,38
DA:26,38
DA:27,1
DA:28,1
DA:29,1
DA:30,1
DA:31,1
DA:32,1
DA:33,1
DA:34,49
DA:35,49
DA:36,1
DA:37,1
DA:38,48
DA:39,48
DA:40,48
DA:41,96
DA:42,96
DA:43,96
DA:44,96
DA:45,48
DA:46,48
DA:47,48
DA:48,48
DA:49,1
DA:50,1
DA:51,1
DA:52,1
DA:53,1
DA:54,1
DA:55,1
DA:56,1
DA:57,1
DA:58,2
DA:59,2
DA:60,2
DA:61,2
DA:62,2
DA:63,2
DA:64,2
DA:65,1
DA:66,1
DA:67,1
DA:68,1
DA:69,1
DA:70,1
DA:71,1
DA:72,1
DA:73,1
DA:74,1
DA:75,1
DA:76,2
DA:77,1
DA:78,1
DA:79,1
DA:80,1
DA:81,1
DA:82,1
DA:83,1
DA:84,1
DA:85,25
DA:86,25
DA:87,25
DA:88,24
DA:89,24
DA:90,24
DA:91,24
DA:92,24
DA:93,24
DA:94,24
DA:95,24
DA:96,24
DA:97,24
DA:98,24
DA:99,24
DA:100,24
DA:101,24
DA:102,24
DA:103,24
DA:104,24
DA:105,24
DA:106,24
DA:107,24
DA:108,24
DA:109,11
DA:110,11
DA:111,11
DA:112,11
DA:113,11
DA:114,25
DA:115,1
DA:116,1
DA:117,25
DA:118,1
DA:119,1
DA:120,1
DA:121,1
DA:122,1
DA:123,1
DA:124,1
DA:125,2
DA:126,2
DA:127,0
DA:128,2
DA:129,2
DA:130,2
DA:131,6
DA:132,6
DA:133,6
DA:134,4
DA:135,4
DA:136,6
DA:137,0
DA:138,0
DA:139,6
DA:140,0
DA:141,0
DA:142,6
DA:143,0
DA:144,0
DA:145,6
DA:146,1
DA:147,1
DA:148,6
DA:149,0
DA:150,0
DA:151,0
DA:152,0
DA:153,0
DA:154,0
DA:155,0
DA:156,0
DA:157,0
DA:158,0
DA:159,0
DA:160,0
DA:161,0
DA:162,0
DA:163,0
DA:164,0
DA:165,0
DA:166,0
DA:167,0
DA:168,0
DA:169,0
DA:170,0
DA:171,0
DA:172,0
DA:173,0
DA:174,0
DA:175,0
DA:176,0
DA:177,6
DA:178,2
DA:179,2
DA:180,2
DA:181,1
DA:182,1
DA:183,1
DA:184,1
DA:185,1
DA:186,1
DA:187,1
DA:188,1
DA:189,1
DA:190,1
DA:191,1
DA:192,0
DA:193,0
DA:194,0
DA:195,0
DA:196,1
DA:197,1
DA:198,1
DA:199,1
DA:200,1
DA:201,1
DA:202,1
DA:203,1
DA:204,0
DA:205,0
DA:206,1
DA:207,0
DA:208,0
DA:209,1
DA:210,0
DA:211,0
DA:212,1
DA:213,0
DA:214,0
DA:215,1
DA:216,0
DA:217,0
DA:218,0
DA:219,0
DA:220,0
DA:221,0
DA:222,0
DA:223,0
DA:224,0
DA:225,0
DA:226,0
DA:227,0
DA:228,0
DA:229,0
DA:230,0
DA:231,0
DA:232,0
DA:233,0
DA:234,0
DA:235,0
DA:236,0
DA:237,0
DA:238,0
DA:239,0
DA:240,1
DA:241,1
LF:241
LH:170
BRDA:13,0,0,38
BRDA:20,1,0,11
BRDA:33,2,0,49
BRDA:35,3,0,1
BRDA:38,4,0,48
BRDA:40,5,0,96
BRDA:57,6,0,2
BRDA:64,7,0,1
BRDA:63,8,0,3
BRDA:84,9,0,25
BRDA:87,10,0,24
BRDA:108,11,0,11
BRDA:114,12,0,1
BRDA:86,13,0,32
BRDA:124,14,0,2
BRDA:126,15,0,0
BRDA:130,16,0,6
BRDA:133,17,0,4
BRDA:136,18,0,0
BRDA:139,19,0,0
BRDA:142,20,0,0
BRDA:145,21,0,1
BRDA:148,22,0,0
BRDA:188,23,0,1
BRDA:191,24,0,0
BRDA:203,25,0,0
BRDA:206,26,0,0
BRDA:209,27,0,0
BRDA:212,28,0,0
BRDA:215,29,0,0
BRDA:190,30,0,1
BRF:31
BRH:20
end_of_record
TN:
SF:src/Ejercicio-pe/clasebase.ts
FN:3,<instance_members_initializer>
FN:6,AlgoritmoGenerativo
FN:18,run
FN:29,ObtenerResultado
FN:47,afterFilter
FN:48,afterMap
FN:49,afterReduce
FNF:7
FNH:7
FNDA:8,<instance_members_initializer>
FNDA:8,AlgoritmoGenerativo
FNDA:2,run
FNDA:2,ObtenerResultado
FNDA:4,afterFilter
FNDA:4,afterMap
FNDA:4,afterReduce
DA:1,1
DA:2,1
DA:3,1
DA:4,8
DA:5,8
DA:6,8
DA:7,8
DA:8,8
DA:9,8
DA:10,8
DA:11,8
DA:12,8
DA:13,8
DA:14,8
DA:15,8
DA:16,8
DA:17,8
DA:18,8
DA:19,2
DA:20,2
DA:21,2
DA:22,2
DA:23,2
DA:24,8
DA:25,8
DA:26,8
DA:27,8
DA:28,8
DA:29,8
DA:30,2
DA:31,2
DA:32,8
DA:33,8
DA:34,8
DA:35,8
DA:36,8
DA:37,8
DA:38,8
DA:39,8
DA:40,8
DA:41,8
DA:42,8
DA:43,8
DA:44,8
DA:45,8
DA:46,8
DA:47,8
DA:48,8
DA:49,8
DA:50,8
DA:51,1
DA:52,1
LF:52
LH:52
BRDA:3,0,0,8
BRDA:6,1,0,8
BRDA:18,2,0,2
BRDA:29,3,0,2
BRDA:47,4,0,4
BRDA:48,5,0,4
BRDA:49,6,0,4
BRF:7
BRH:7
end_of_record
TN:
SF:src/Ejercicio-pe/subclase.ts
FN:5,filter
FN:23,map
FN:39,reduce
FNF:3
FNH:3
FNDA:4,filter
FNDA:4,map
FNDA:4,reduce
DA:1,1
DA:2,1
DA:3,1
DA:4,1
DA:5,1
DA:6,4
DA:7,4
DA:8,4
DA:9,19
DA:10,12
DA:11,12
DA:12,19
DA:13,4
DA:14,4
DA:15,4
DA:16,1
DA:17,1
DA:18,1
DA:19,1
DA:20,1
DA:21,1
DA:22,1
DA:23,1
DA:24,4
DA:25,4
DA:26,4
DA:27,16
DA:28,16
DA:29,4
DA:30,4
DA:31,4
DA:32,1
DA:33,1
DA:34,1
DA:35,1
DA:36,1
DA:37,1
DA:38,1
DA:39,1
DA:40,4
DA:41,4
DA:42,4
DA:43,11
DA:44,11
DA:45,4
DA:46,4
DA:47,4
DA:48,1
DA:49,1
DA:50,1
LF:50
LH:50
BRDA:5,0,0,4
BRDA:8,1,0,19
BRDA:9,2,0,12
BRDA:23,3,0,4
BRDA:26,4,0,16
BRDA:39,5,0,4
BRDA:42,6,0,11
BRF:7
BRH:7
end_of_record
